[31m[Nest] 35836  - [39m13/05/2026, 6:25:58 a. m. [31m  ERROR[39m [38;5;3m[HttpExceptionFilter] [39m[31mGET / - 404 - "Cannot GET /"[39m
NotFoundException: Cannot GET /
    at callback (N:\PAGINAS\multisanjuan\backend\node_modules\@nestjs\core\router\routes-resolver.js:77:19)
    at N:\PAGINAS\multisanjuan\backend\node_modules\@nestjs\core\router\router-proxy.js:9:23
    at Layer.handleRequest (N:\PAGINAS\multisanjuan\backend\node_modules\router\lib\layer.js:152:17)
    at trimPrefix (N:\PAGINAS\multisanjuan\backend\node_modules\router\index.js:342:13)
    at N:\PAGINAS\multisanjuan\backend\node_modules\router\index.js:297:9
    at processParams (N:\PAGINAS\multisanjuan\backend\node_modules\router\index.js:582:12)
    at next (N:\PAGINAS\multisanjuan\backend\node_modules\router\index.js:291:5)
    at read (N:\PAGINAS\multisanjuan\backend\node_modules\express\node_modules\body-parser\lib\read.js:53:5)
    at urlencodedParser (N:\PAGINAS\multisanjuan\backend\node_modules\express\node_modules\body-parser\lib\types\urlencoded.js:57:5)
    at Layer.handleRequest (N:\PAGINAS\multisanjuan\backend\node_modules\router\lib\layer.js:152:17)
    at trimPrefix (N:\PAGINAS\multisanjuan\backend\node_modules\router\index.js:342:13)
    at N:\PAGINAS\multisanjuan\backend\node_modules\router\index.js:297:9
    at processParams (N:\PAGINAS\multisanjuan\backend\node_modules\router\index.js:582:12)
    at next (N:\PAGINAS\multisanjuan\backend\node_modules\router\index.js:291:5)
    at read (N:\PAGINAS\multisanjuan\backend\node_modules\express\node_modules\body-parser\lib\read.js:53:5)
    at jsonParser (N:\PAGINAS\multisanjuan\backend\node_modules\express\node_modules\body-parser\lib\types\json.js:88:5)
    at Layer.handleRequest (N:\PAGINAS\multisanjuan\backend\node_modules\router\lib\layer.js:152:17)
    at trimPrefix (N:\PAGINAS\multisanjuan\backend\node_modules\router\index.js:342:13)
    at N:\PAGINAS\multisanjuan\backend\node_modules\router\index.js:297:9
    at processParams (N:\PAGINAS\multisanjuan\backend\node_modules\router\index.js:582:12)
[31m[Nest] 35836  - [39m13/05/2026, 6:25:59 a. m. [31m  ERROR[39m [38;5;3m[HttpExceptionFilter] [39m[31mGET /favicon.ico - 404 - "Cannot GET /favicon.ico"[39m
NotFoundException: Cannot GET /favicon.ico
    at callback (N:\PAGINAS\multisanjuan\backend\node_modules\@nestjs\core\router\routes-resolver.js:77:19)
    at N:\PAGINAS\multisanjuan\backend\node_modules\@nestjs\core\router\router-proxy.js:9:23
    at Layer.handleRequest (N:\PAGINAS\multisanjuan\backend\node_modules\router\lib\layer.js:152:17)
    at trimPrefix (N:\PAGINAS\multisanjuan\backend\node_modules\router\index.js:342:13)
    at N:\PAGINAS\multisanjuan\backend\node_modules\router\index.js:297:9
    at processParams (N:\PAGINAS\multisanjuan\backend\node_modules\router\index.js:582:12)
    at next (N:\PAGINAS\multisanjuan\backend\node_modules\router\index.js:291:5)
    at read (N:\PAGINAS\multisanjuan\backend\node_modules\express\node_modules\body-parser\lib\read.js:53:5)
    at urlencodedParser (N:\PAGINAS\multisanjuan\backend\node_modules\express\node_modules\body-parser\lib\types\urlencoded.js:57:5)
    at Layer.handleRequest (N:\PAGINAS\multisanjuan\backend\node_modules\router\lib\layer.js:152:17)
    at trimPrefix (N:\PAGINAS\multisanjuan\backend\node_modules\router\index.js:342:13)
    at N:\PAGINAS\multisanjuan\backend\node_modules\router\index.js:297:9
    at processParams (N:\PAGINAS\multisanjuan\backend\node_modules\router\index.js:582:12)
    at next (N:\PAGINAS\multisanjuan\backend\node_modules\router\index.js:291:5)
    at read (N:\PAGINAS\multisanjuan\backend\node_modules\express\node_modules\body-parser\lib\read.js:53:5)
    at jsonParser (N:\PAGINAS\multisanjuan\backend\node_modules\express\node_modules\body-parser\lib\types\json.js:88:5)
    at Layer.handleRequest (N:\PAGINAS\multisanjuan\backend\node_modules\router\lib\layer.js:152:17)
    at trimPrefix (N:\PAGINAS\multisanjuan\backend\node_modules\router\index.js:342:13)
    at N:\PAGINAS\multisanjuan\backend\node_modules\router\index.js:297:9
    at processParams (N:\PAGINAS\multisanjuan\backend\node_modules\router\index.js:582:12)
[31m[Nest] 35836  - [39m13/05/2026, 6:26:18 a. m. [31m  ERROR[39m [38;5;3m[HttpExceptionFilter] [39m[31mGET / - 404 - "Cannot GET /"[39m
NotFoundException: Cannot GET /
    at callback (N:\PAGINAS\multisanjuan\backend\node_modules\@nestjs\core\router\routes-resolver.js:77:19)
    at N:\PAGINAS\multisanjuan\backend\node_modules\@nestjs\core\router\router-proxy.js:9:23
    at Layer.handleRequest (N:\PAGINAS\multisanjuan\backend\node_modules\router\lib\layer.js:152:17)
    at trimPrefix (N:\PAGINAS\multisanjuan\backend\node_modules\router\index.js:342:13)
    at N:\PAGINAS\multisanjuan\backend\node_modules\router\index.js:297:9
    at processParams (N:\PAGINAS\multisanjuan\backend\node_modules\router\index.js:582:12)
    at next (N:\PAGINAS\multisanjuan\backend\node_modules\router\index.js:291:5)
    at read (N:\PAGINAS\multisanjuan\backend\node_modules\express\node_modules\body-parser\lib\read.js:53:5)
    at urlencodedParser (N:\PAGINAS\multisanjuan\backend\node_modules\express\node_modules\body-parser\lib\types\urlencoded.js:57:5)
    at Layer.handleRequest (N:\PAGINAS\multisanjuan\backend\node_modules\router\lib\layer.js:152:17)
    at trimPrefix (N:\PAGINAS\multisanjuan\backend\node_modules\router\index.js:342:13)
    at N:\PAGINAS\multisanjuan\backend\node_modules\router\index.js:297:9
    at processParams (N:\PAGINAS\multisanjuan\backend\node_modules\router\index.js:582:12)
    at next (N:\PAGINAS\multisanjuan\backend\node_modules\router\index.js:291:5)
    at read (N:\PAGINAS\multisanjuan\backend\node_modules\express\node_modules\body-parser\lib\read.js:53:5)
    at jsonParser (N:\PAGINAS\multisanjuan\backend\node_modules\express\node_modules\body-parser\lib\types\json.js:88:5)
    at Layer.handleRequest (N:\PAGINAS\multisanjuan\backend\node_modules\router\lib\layer.js:152:17)
    at trimPrefix (N:\PAGINAS\multisanjuan\backend\node_modules\router\index.js:342:13)
    at N:\PAGINAS\multisanjuan\backend\node_modules\router\index.js:297:9
    at processParams (N:\PAGINAS\multisanjuan\backend\node_modules\router\index.js:582:12)
[31m[Nest] 35836  - [39m13/05/2026, 6:39:50 a. m. [31m  ERROR[39m [38;5;3m[HttpExceptionFilter] [39m[31mGET /login - 404 - "Cannot GET /login"[39m
NotFoundException: Cannot GET /login
    at callback (N:\PAGINAS\multisanjuan\backend\node_modules\@nestjs\core\router\routes-resolver.js:77:19)
    at N:\PAGINAS\multisanjuan\backend\node_modules\@nestjs\core\router\router-proxy.js:9:23
    at Layer.handleRequest (N:\PAGINAS\multisanjuan\backend\node_modules\router\lib\layer.js:152:17)
    at trimPrefix (N:\PAGINAS\multisanjuan\backend\node_modules\router\index.js:342:13)
    at N:\PAGINAS\multisanjuan\backend\node_modules\router\index.js:297:9
    at processParams (N:\PAGINAS\multisanjuan\backend\node_modules\router\index.js:582:12)
    at next (N:\PAGINAS\multisanjuan\backend\node_modules\router\index.js:291:5)
    at read (N:\PAGINAS\multisanjuan\backend\node_modules\express\node_modules\body-parser\lib\read.js:53:5)
    at urlencodedParser (N:\PAGINAS\multisanjuan\backend\node_modules\express\node_modules\body-parser\lib\types\urlencoded.js:57:5)
    at Layer.handleRequest (N:\PAGINAS\multisanjuan\backend\node_modules\router\lib\layer.js:152:17)
    at trimPrefix (N:\PAGINAS\multisanjuan\backend\node_modules\router\index.js:342:13)
    at N:\PAGINAS\multisanjuan\backend\node_modules\router\index.js:297:9
    at processParams (N:\PAGINAS\multisanjuan\backend\node_modules\router\index.js:582:12)
    at next (N:\PAGINAS\multisanjuan\backend\node_modules\router\index.js:291:5)
    at read (N:\PAGINAS\multisanjuan\backend\node_modules\express\node_modules\body-parser\lib\read.js:53:5)
    at jsonParser (N:\PAGINAS\multisanjuan\backend\node_modules\express\node_modules\body-parser\lib\types\json.js:88:5)
    at Layer.handleRequest (N:\PAGINAS\multisanjuan\backend\node_modules\router\lib\layer.js:152:17)
    at trimPrefix (N:\PAGINAS\multisanjuan\backend\node_modules\router\index.js:342:13)
    at N:\PAGINAS\multisanjuan\backend\node_modules\router\index.js:297:9
    at processParams (N:\PAGINAS\multisanjuan\backend\node_modules\router\index.js:582:12)
[31m[Nest] 35836  - [39m13/05/2026, 6:39:56 a. m. [31m  ERROR[39m [38;5;3m[HttpExceptionFilter] [39m[31mGET / - 404 - "Cannot GET /"[39m
NotFoundException: Cannot GET /
    at callback (N:\PAGINAS\multisanjuan\backend\node_modules\@nestjs\core\router\routes-resolver.js:77:19)
    at N:\PAGINAS\multisanjuan\backend\node_modules\@nestjs\core\router\router-proxy.js:9:23
    at Layer.handleRequest (N:\PAGINAS\multisanjuan\backend\node_modules\router\lib\layer.js:152:17)
    at trimPrefix (N:\PAGINAS\multisanjuan\backend\node_modules\router\index.js:342:13)
    at N:\PAGINAS\multisanjuan\backend\node_modules\router\index.js:297:9
    at processParams (N:\PAGINAS\multisanjuan\backend\node_modules\router\index.js:582:12)
    at next (N:\PAGINAS\multisanjuan\backend\node_modules\router\index.js:291:5)
    at read (N:\PAGINAS\multisanjuan\backend\node_modules\express\node_modules\body-parser\lib\read.js:53:5)
    at urlencodedParser (N:\PAGINAS\multisanjuan\backend\node_modules\express\node_modules\body-parser\lib\types\urlencoded.js:57:5)
    at Layer.handleRequest (N:\PAGINAS\multisanjuan\backend\node_modules\router\lib\layer.js:152:17)
    at trimPrefix (N:\PAGINAS\multisanjuan\backend\node_modules\router\index.js:342:13)
    at N:\PAGINAS\multisanjuan\backend\node_modules\router\index.js:297:9
    at processParams (N:\PAGINAS\multisanjuan\backend\node_modules\router\index.js:582:12)
    at next (N:\PAGINAS\multisanjuan\backend\node_modules\router\index.js:291:5)
    at read (N:\PAGINAS\multisanjuan\backend\node_modules\express\node_modules\body-parser\lib\read.js:53:5)
    at jsonParser (N:\PAGINAS\multisanjuan\backend\node_modules\express\node_modules\body-parser\lib\types\json.js:88:5)
    at Layer.handleRequest (N:\PAGINAS\multisanjuan\backend\node_modules\router\lib\layer.js:152:17)
    at trimPrefix (N:\PAGINAS\multisanjuan\backend\node_modules\router\index.js:342:13)
    at N:\PAGINAS\multisanjuan\backend\node_modules\router\index.js:297:9
    at processParams (N:\PAGINAS\multisanjuan\backend\node_modules\router\index.js:582:12)
[31m[Nest] 35836  - [39m13/05/2026, 6:40:48 a. m. [31m  ERROR[39m [38;5;3m[HttpExceptionFilter] [39m[31mGET /api/users? - 401 - "Usuario no encontrado o inactivo"[39m
UnauthorizedException: Usuario no encontrado o inactivo
    at JwtStrategy.validate (N:\PAGINAS\multisanjuan\backend\src\common\jwt.strategy.ts:42:13)
    at async JwtStrategy.callback [as _verify] (N:\PAGINAS\multisanjuan\backend\node_modules\@nestjs\passport\dist\passport\passport.strategy.js:13:44)
[31m[Nest] 35836  - [39m13/05/2026, 6:40:48 a. m. [31m  ERROR[39m [38;5;3m[HttpExceptionFilter] [39m[31mGET /api/roles - 401 - "Usuario no encontrado o inactivo"[39m
UnauthorizedException: Usuario no encontrado o inactivo
    at JwtStrategy.validate (N:\PAGINAS\multisanjuan\backend\src\common\jwt.strategy.ts:42:13)
    at async JwtStrategy.callback [as _verify] (N:\PAGINAS\multisanjuan\backend\node_modules\@nestjs\passport\dist\passport\passport.strategy.js:13:44)
[31m[Nest] 35836  - [39m13/05/2026, 6:40:48 a. m. [31m  ERROR[39m [38;5;3m[HttpExceptionFilter] [39m[31mGET /api/users? - 401 - "Usuario no encontrado o inactivo"[39m
UnauthorizedException: Usuario no encontrado o inactivo
    at JwtStrategy.validate (N:\PAGINAS\multisanjuan\backend\src\common\jwt.strategy.ts:42:13)
    at async JwtStrategy.callback [as _verify] (N:\PAGINAS\multisanjuan\backend\node_modules\@nestjs\passport\dist\passport\passport.strategy.js:13:44)
[31m[Nest] 35836  - [39m13/05/2026, 6:40:48 a. m. [31m  ERROR[39m [38;5;3m[HttpExceptionFilter] [39m[31mGET /api/roles - 401 - "Usuario no encontrado o inactivo"[39m
UnauthorizedException: Usuario no encontrado o inactivo
    at JwtStrategy.validate (N:\PAGINAS\multisanjuan\backend\src\common\jwt.strategy.ts:42:13)
    at async JwtStrategy.callback [as _verify] (N:\PAGINAS\multisanjuan\backend\node_modules\@nestjs\passport\dist\passport\passport.strategy.js:13:44)
[31m[Nest] 35836  - [39m13/05/2026, 6:40:53 a. m. [31m  ERROR[39m [38;5;3m[HttpExceptionFilter] [39m[31mGET /api/audit?page=1&limit=50 - 401 - "Usuario no encontrado o inactivo"[39m
UnauthorizedException: Usuario no encontrado o inactivo
    at JwtStrategy.validate (N:\PAGINAS\multisanjuan\backend\src\common\jwt.strategy.ts:42:13)
    at async JwtStrategy.callback [as _verify] (N:\PAGINAS\multisanjuan\backend\node_modules\@nestjs\passport\dist\passport\passport.strategy.js:13:44)
[31m[Nest] 35836  - [39m13/05/2026, 6:40:53 a. m. [31m  ERROR[39m [38;5;3m[HttpExceptionFilter] [39m[31mGET /api/audit?page=1&limit=50 - 401 - "Usuario no encontrado o inactivo"[39m
UnauthorizedException: Usuario no encontrado o inactivo
    at JwtStrategy.validate (N:\PAGINAS\multisanjuan\backend\src\common\jwt.strategy.ts:42:13)
    at async JwtStrategy.callback [as _verify] (N:\PAGINAS\multisanjuan\backend\node_modules\@nestjs\passport\dist\passport\passport.strategy.js:13:44)
[31m[Nest] 35836  - [39m13/05/2026, 6:40:53 a. m. [31m  ERROR[39m [38;5;3m[HttpExceptionFilter] [39m[31mPOST /api/auth/refresh - 401 - "Refresh token inválido o expirado"[39m
UnauthorizedException: Refresh token inválido o expirado
    at AuthService.refreshToken (N:\PAGINAS\multisanjuan\backend\src\modules\auth\auth.service.ts:124:13)
[31m[Nest] 35836  - [39m13/05/2026, 6:40:53 a. m. [31m  ERROR[39m [38;5;3m[HttpExceptionFilter] [39m[31mPOST /api/auth/refresh - 401 - "Refresh token inválido o expirado"[39m
UnauthorizedException: Refresh token inválido o expirado
    at AuthService.refreshToken (N:\PAGINAS\multisanjuan\backend\src\modules\auth\auth.service.ts:124:13)
[31m[Nest] 35836  - [39m13/05/2026, 6:41:15 a. m. [31m  ERROR[39m [38;5;3m[HttpExceptionFilter] [39m[31mPOST /api/auth/login - 401 - "Usuario inactivo. Contacte al administrador"[39m
UnauthorizedException: Usuario inactivo. Contacte al administrador
    at AuthService.login (N:\PAGINAS\multisanjuan\backend\src\modules\auth\auth.service.ts:54:13)
[31m[Nest] 35836  - [39m13/05/2026, 6:41:20 a. m. [31m  ERROR[39m [38;5;3m[HttpExceptionFilter] [39m[31mPOST /api/auth/login - 401 - "Usuario inactivo. Contacte al administrador"[39m
UnauthorizedException: Usuario inactivo. Contacte al administrador
    at AuthService.login (N:\PAGINAS\multisanjuan\backend\src\modules\auth\auth.service.ts:54:13)
[31m[Nest] 35836  - [39m13/05/2026, 6:41:21 a. m. [31m  ERROR[39m [38;5;3m[HttpExceptionFilter] [39m[31mPOST /api/auth/login - 401 - "Usuario inactivo. Contacte al administrador"[39m
UnauthorizedException: Usuario inactivo. Contacte al administrador
    at AuthService.login (N:\PAGINAS\multisanjuan\backend\src\modules\auth\auth.service.ts:54:13)
[31m[Nest] 35836  - [39m13/05/2026, 6:41:21 a. m. [31m  ERROR[39m [38;5;3m[HttpExceptionFilter] [39m[31mPOST /api/auth/login - 401 - "Usuario inactivo. Contacte al administrador"[39m
UnauthorizedException: Usuario inactivo. Contacte al administrador
    at AuthService.login (N:\PAGINAS\multisanjuan\backend\src\modules\auth\auth.service.ts:54:13)
[31m[Nest] 35836  - [39m13/05/2026, 6:41:22 a. m. [31m  ERROR[39m [38;5;3m[HttpExceptionFilter] [39m[31mPOST /api/auth/login - 401 - "Usuario inactivo. Contacte al administrador"[39m
UnauthorizedException: Usuario inactivo. Contacte al administrador
    at AuthService.login (N:\PAGINAS\multisanjuan\backend\src\modules\auth\auth.service.ts:54:13)
[31m[Nest] 35836  - [39m13/05/2026, 6:41:24 a. m. [31m  ERROR[39m [38;5;3m[HttpExceptionFilter] [39m[31mGET / - 404 - "Cannot GET /"[39m
NotFoundException: Cannot GET /
    at callback (N:\PAGINAS\multisanjuan\backend\node_modules\@nestjs\core\router\routes-resolver.js:77:19)
    at N:\PAGINAS\multisanjuan\backend\node_modules\@nestjs\core\router\router-proxy.js:9:23
    at Layer.handleRequest (N:\PAGINAS\multisanjuan\backend\node_modules\router\lib\layer.js:152:17)
    at trimPrefix (N:\PAGINAS\multisanjuan\backend\node_modules\router\index.js:342:13)
    at N:\PAGINAS\multisanjuan\backend\node_modules\router\index.js:297:9
    at processParams (N:\PAGINAS\multisanjuan\backend\node_modules\router\index.js:582:12)
    at next (N:\PAGINAS\multisanjuan\backend\node_modules\router\index.js:291:5)
    at read (N:\PAGINAS\multisanjuan\backend\node_modules\express\node_modules\body-parser\lib\read.js:53:5)
    at urlencodedParser (N:\PAGINAS\multisanjuan\backend\node_modules\express\node_modules\body-parser\lib\types\urlencoded.js:57:5)
    at Layer.handleRequest (N:\PAGINAS\multisanjuan\backend\node_modules\router\lib\layer.js:152:17)
    at trimPrefix (N:\PAGINAS\multisanjuan\backend\node_modules\router\index.js:342:13)
    at N:\PAGINAS\multisanjuan\backend\node_modules\router\index.js:297:9
    at processParams (N:\PAGINAS\multisanjuan\backend\node_modules\router\index.js:582:12)
    at next (N:\PAGINAS\multisanjuan\backend\node_modules\router\index.js:291:5)
    at read (N:\PAGINAS\multisanjuan\backend\node_modules\express\node_modules\body-parser\lib\read.js:53:5)
    at jsonParser (N:\PAGINAS\multisanjuan\backend\node_modules\express\node_modules\body-parser\lib\types\json.js:88:5)
    at Layer.handleRequest (N:\PAGINAS\multisanjuan\backend\node_modules\router\lib\layer.js:152:17)
    at trimPrefix (N:\PAGINAS\multisanjuan\backend\node_modules\router\index.js:342:13)
    at N:\PAGINAS\multisanjuan\backend\node_modules\router\index.js:297:9
    at processParams (N:\PAGINAS\multisanjuan\backend\node_modules\router\index.js:582:12)
[31m[Nest] 35836  - [39m13/05/2026, 6:41:26 a. m. [31m  ERROR[39m [38;5;3m[HttpExceptionFilter] [39m[31mPOST /api/auth/login - 401 - "Usuario inactivo. Contacte al administrador"[39m
UnauthorizedException: Usuario inactivo. Contacte al administrador
    at AuthService.login (N:\PAGINAS\multisanjuan\backend\src\modules\auth\auth.service.ts:54:13)
[31m[Nest] 35836  - [39m13/05/2026, 6:41:27 a. m. [31m  ERROR[39m [38;5;3m[HttpExceptionFilter] [39m[31mPOST /api/auth/login - 401 - "Usuario inactivo. Contacte al administrador"[39m
UnauthorizedException: Usuario inactivo. Contacte al administrador
    at AuthService.login (N:\PAGINAS\multisanjuan\backend\src\modules\auth\auth.service.ts:54:13)
[31m[Nest] 35836  - [39m13/05/2026, 6:41:27 a. m. [31m  ERROR[39m [38;5;3m[HttpExceptionFilter] [39m[31mPOST /api/auth/login - 401 - "Usuario inactivo. Contacte al administrador"[39m
UnauthorizedException: Usuario inactivo. Contacte al administrador
    at AuthService.login (N:\PAGINAS\multisanjuan\backend\src\modules\auth\auth.service.ts:54:13)
[31m[Nest] 35836  - [39m13/05/2026, 6:41:27 a. m. [31m  ERROR[39m [38;5;3m[HttpExceptionFilter] [39m[31mPOST /api/auth/login - 401 - "Usuario inactivo. Contacte al administrador"[39m
UnauthorizedException: Usuario inactivo. Contacte al administrador
    at AuthService.login (N:\PAGINAS\multisanjuan\backend\src\modules\auth\auth.service.ts:54:13)
[31m[Nest] 35836  - [39m13/05/2026, 6:41:27 a. m. [31m  ERROR[39m [38;5;3m[HttpExceptionFilter] [39m[31mPOST /api/auth/login - 401 - "Usuario inactivo. Contacte al administrador"[39m
UnauthorizedException: Usuario inactivo. Contacte al administrador
    at AuthService.login (N:\PAGINAS\multisanjuan\backend\src\modules\auth\auth.service.ts:54:13)
[31m[Nest] 35836  - [39m13/05/2026, 6:41:28 a. m. [31m  ERROR[39m [38;5;3m[HttpExceptionFilter] [39m[31mPOST /api/auth/login - 401 - "Usuario inactivo. Contacte al administrador"[39m
UnauthorizedException: Usuario inactivo. Contacte al administrador
    at AuthService.login (N:\PAGINAS\multisanjuan\backend\src\modules\auth\auth.service.ts:54:13)
[31m[Nest] 35836  - [39m13/05/2026, 6:45:22 a. m. [31m  ERROR[39m [38;5;3m[HttpExceptionFilter] [39m[31mPUT /api/users/cmp3z2v2k004kd8em5u80fg2z - 400 - ["password must be longer than or equal to 6 characters"][39m
BadRequestException: Bad Request Exception
    at ValidationPipe.exceptionFactory (N:\PAGINAS\multisanjuan\backend\node_modules\@nestjs\common\pipes\validation.pipe.js:112:20)
    at ValidationPipe.transform (N:\PAGINAS\multisanjuan\backend\node_modules\@nestjs\common\pipes\validation.pipe.js:79:30)
    at async resolveParamValue (N:\PAGINAS\multisanjuan\backend\node_modules\@nestjs\core\router\router-execution-context.js:148:23)
    at async Promise.all (index 0)
    at async pipesFn (N:\PAGINAS\multisanjuan\backend\node_modules\@nestjs\core\router\router-execution-context.js:151:13)
    at async N:\PAGINAS\multisanjuan\backend\node_modules\@nestjs\core\router\router-execution-context.js:37:30
[31m[Nest] 35836  - [39m13/05/2026, 6:45:34 a. m. [31m  ERROR[39m [38;5;3m[HttpExceptionFilter] [39m[31mPUT /api/users/cmp3z2v2k004kd8em5u80fg2z - 400 - ["password must be longer than or equal to 6 characters"][39m
BadRequestException: Bad Request Exception
    at ValidationPipe.exceptionFactory (N:\PAGINAS\multisanjuan\backend\node_modules\@nestjs\common\pipes\validation.pipe.js:112:20)
    at ValidationPipe.transform (N:\PAGINAS\multisanjuan\backend\node_modules\@nestjs\common\pipes\validation.pipe.js:79:30)
    at async resolveParamValue (N:\PAGINAS\multisanjuan\backend\node_modules\@nestjs\core\router\router-execution-context.js:148:23)
    at async Promise.all (index 0)
    at async pipesFn (N:\PAGINAS\multisanjuan\backend\node_modules\@nestjs\core\router\router-execution-context.js:151:13)
    at async N:\PAGINAS\multisanjuan\backend\node_modules\@nestjs\core\router\router-execution-context.js:37:30
[31m[Nest] 35836  - [39m13/05/2026, 7:00:06 a. m. [31m  ERROR[39m [38;5;3m[HttpExceptionFilter] [39m[31mGET /api - 404 - "Cannot GET /api"[39m
NotFoundException: Cannot GET /api
    at callback (N:\PAGINAS\multisanjuan\backend\node_modules\@nestjs\core\router\routes-resolver.js:77:19)
    at N:\PAGINAS\multisanjuan\backend\node_modules\@nestjs\core\router\router-proxy.js:9:23
    at Layer.handleRequest (N:\PAGINAS\multisanjuan\backend\node_modules\router\lib\layer.js:152:17)
    at trimPrefix (N:\PAGINAS\multisanjuan\backend\node_modules\router\index.js:342:13)
    at N:\PAGINAS\multisanjuan\backend\node_modules\router\index.js:297:9
    at processParams (N:\PAGINAS\multisanjuan\backend\node_modules\router\index.js:582:12)
    at next (N:\PAGINAS\multisanjuan\backend\node_modules\router\index.js:291:5)
    at read (N:\PAGINAS\multisanjuan\backend\node_modules\express\node_modules\body-parser\lib\read.js:53:5)
    at urlencodedParser (N:\PAGINAS\multisanjuan\backend\node_modules\express\node_modules\body-parser\lib\types\urlencoded.js:57:5)
    at Layer.handleRequest (N:\PAGINAS\multisanjuan\backend\node_modules\router\lib\layer.js:152:17)
    at trimPrefix (N:\PAGINAS\multisanjuan\backend\node_modules\router\index.js:342:13)
    at N:\PAGINAS\multisanjuan\backend\node_modules\router\index.js:297:9
    at processParams (N:\PAGINAS\multisanjuan\backend\node_modules\router\index.js:582:12)
    at next (N:\PAGINAS\multisanjuan\backend\node_modules\router\index.js:291:5)
    at read (N:\PAGINAS\multisanjuan\backend\node_modules\express\node_modules\body-parser\lib\read.js:53:5)
    at jsonParser (N:\PAGINAS\multisanjuan\backend\node_modules\express\node_modules\body-parser\lib\types\json.js:88:5)
    at Layer.handleRequest (N:\PAGINAS\multisanjuan\backend\node_modules\router\lib\layer.js:152:17)
    at trimPrefix (N:\PAGINAS\multisanjuan\backend\node_modules\router\index.js:342:13)
    at N:\PAGINAS\multisanjuan\backend\node_modules\router\index.js:297:9
    at processParams (N:\PAGINAS\multisanjuan\backend\node_modules\router\index.js:582:12)
[31m[Nest] 35836  - [39m13/05/2026, 7:00:10 a. m. [31m  ERROR[39m [38;5;3m[HttpExceptionFilter] [39m[31mGET / - 404 - "Cannot GET /"[39m
NotFoundException: Cannot GET /
    at callback (N:\PAGINAS\multisanjuan\backend\node_modules\@nestjs\core\router\routes-resolver.js:77:19)
    at N:\PAGINAS\multisanjuan\backend\node_modules\@nestjs\core\router\router-proxy.js:9:23
    at Layer.handleRequest (N:\PAGINAS\multisanjuan\backend\node_modules\router\lib\layer.js:152:17)
    at trimPrefix (N:\PAGINAS\multisanjuan\backend\node_modules\router\index.js:342:13)
    at N:\PAGINAS\multisanjuan\backend\node_modules\router\index.js:297:9
    at processParams (N:\PAGINAS\multisanjuan\backend\node_modules\router\index.js:582:12)
    at next (N:\PAGINAS\multisanjuan\backend\node_modules\router\index.js:291:5)
    at read (N:\PAGINAS\multisanjuan\backend\node_modules\express\node_modules\body-parser\lib\read.js:53:5)
    at urlencodedParser (N:\PAGINAS\multisanjuan\backend\node_modules\express\node_modules\body-parser\lib\types\urlencoded.js:57:5)
    at Layer.handleRequest (N:\PAGINAS\multisanjuan\backend\node_modules\router\lib\layer.js:152:17)
    at trimPrefix (N:\PAGINAS\multisanjuan\backend\node_modules\router\index.js:342:13)
    at N:\PAGINAS\multisanjuan\backend\node_modules\router\index.js:297:9
    at processParams (N:\PAGINAS\multisanjuan\backend\node_modules\router\index.js:582:12)
    at next (N:\PAGINAS\multisanjuan\backend\node_modules\router\index.js:291:5)
    at read (N:\PAGINAS\multisanjuan\backend\node_modules\express\node_modules\body-parser\lib\read.js:53:5)
    at jsonParser (N:\PAGINAS\multisanjuan\backend\node_modules\express\node_modules\body-parser\lib\types\json.js:88:5)
    at Layer.handleRequest (N:\PAGINAS\multisanjuan\backend\node_modules\router\lib\layer.js:152:17)
    at trimPrefix (N:\PAGINAS\multisanjuan\backend\node_modules\router\index.js:342:13)
    at N:\PAGINAS\multisanjuan\backend\node_modules\router\index.js:297:9
    at processParams (N:\PAGINAS\multisanjuan\backend\node_modules\router\index.js:582:12)
[31m[Nest] 35836  - [39m13/05/2026, 7:05:15 a. m. [31m  ERROR[39m [38;5;3m[HttpExceptionFilter] [39m[31mGET /api/dashboard - 401 - "Token inválido o expirado"[39m
UnauthorizedException: Token inválido o expirado
    at JwtAuthGuard.handleRequest (N:\PAGINAS\multisanjuan\backend\src\guards\jwt-auth.guard.ts:23:20)
    at N:\PAGINAS\multisanjuan\backend\node_modules\@nestjs\passport\dist\auth.guard.js:44:124
    at N:\PAGINAS\multisanjuan\backend\node_modules\@nestjs\passport\dist\auth.guard.js:83:24
    at allFailed (N:\PAGINAS\multisanjuan\backend\node_modules\passport\lib\middleware\authenticate.js:110:18)
    at attempt (N:\PAGINAS\multisanjuan\backend\node_modules\passport\lib\middleware\authenticate.js:183:28)
    at strategy.fail (N:\PAGINAS\multisanjuan\backend\node_modules\passport\lib\middleware\authenticate.js:314:9)
    at N:\PAGINAS\multisanjuan\backend\node_modules\passport-jwt\lib\strategy.js:106:33
    at N:\PAGINAS\multisanjuan\backend\node_modules\jsonwebtoken\verify.js:190:16
    at getSecret (N:\PAGINAS\multisanjuan\backend\node_modules\jsonwebtoken\verify.js:97:14)
    at module.exports [as verify] (N:\PAGINAS\multisanjuan\backend\node_modules\jsonwebtoken\verify.js:101:10)
    at module.exports [as JwtVerifier] (N:\PAGINAS\multisanjuan\backend\node_modules\passport-jwt\lib\verify_jwt.js:4:16)
    at N:\PAGINAS\multisanjuan\backend\node_modules\passport-jwt\lib\strategy.js:104:25
    at JwtStrategy._secretOrKeyProvider (N:\PAGINAS\multisanjuan\backend\node_modules\passport-jwt\lib\strategy.js:40:13)
    at JwtStrategy.authenticate (N:\PAGINAS\multisanjuan\backend\node_modules\passport-jwt\lib\strategy.js:99:10)
    at attempt (N:\PAGINAS\multisanjuan\backend\node_modules\passport\lib\middleware\authenticate.js:378:16)
    at authenticate (N:\PAGINAS\multisanjuan\backend\node_modules\passport\lib\middleware\authenticate.js:379:7)
    at N:\PAGINAS\multisanjuan\backend\node_modules\@nestjs\passport\dist\auth.guard.js:88:3
    at new Promise (<anonymous>)
    at N:\PAGINAS\multisanjuan\backend\node_modules\@nestjs\passport\dist\auth.guard.js:80:83
    at JwtAuthGuard.canActivate (N:\PAGINAS\multisanjuan\backend\node_modules\@nestjs\passport\dist\auth.guard.js:44:32)
[31m[Nest] 35836  - [39m13/05/2026, 7:05:15 a. m. [31m  ERROR[39m [38;5;3m[HttpExceptionFilter] [39m[31mGET /api/dashboard - 401 - "Token inválido o expirado"[39m
UnauthorizedException: Token inválido o expirado
    at JwtAuthGuard.handleRequest (N:\PAGINAS\multisanjuan\backend\src\guards\jwt-auth.guard.ts:23:20)
    at N:\PAGINAS\multisanjuan\backend\node_modules\@nestjs\passport\dist\auth.guard.js:44:124
    at N:\PAGINAS\multisanjuan\backend\node_modules\@nestjs\passport\dist\auth.guard.js:83:24
    at allFailed (N:\PAGINAS\multisanjuan\backend\node_modules\passport\lib\middleware\authenticate.js:110:18)
    at attempt (N:\PAGINAS\multisanjuan\backend\node_modules\passport\lib\middleware\authenticate.js:183:28)
    at strategy.fail (N:\PAGINAS\multisanjuan\backend\node_modules\passport\lib\middleware\authenticate.js:314:9)
    at N:\PAGINAS\multisanjuan\backend\node_modules\passport-jwt\lib\strategy.js:106:33
    at N:\PAGINAS\multisanjuan\backend\node_modules\jsonwebtoken\verify.js:190:16
    at getSecret (N:\PAGINAS\multisanjuan\backend\node_modules\jsonwebtoken\verify.js:97:14)
    at module.exports [as verify] (N:\PAGINAS\multisanjuan\backend\node_modules\jsonwebtoken\verify.js:101:10)
    at module.exports [as JwtVerifier] (N:\PAGINAS\multisanjuan\backend\node_modules\passport-jwt\lib\verify_jwt.js:4:16)
    at N:\PAGINAS\multisanjuan\backend\node_modules\passport-jwt\lib\strategy.js:104:25
    at JwtStrategy._secretOrKeyProvider (N:\PAGINAS\multisanjuan\backend\node_modules\passport-jwt\lib\strategy.js:40:13)
    at JwtStrategy.authenticate (N:\PAGINAS\multisanjuan\backend\node_modules\passport-jwt\lib\strategy.js:99:10)
    at attempt (N:\PAGINAS\multisanjuan\backend\node_modules\passport\lib\middleware\authenticate.js:378:16)
    at authenticate (N:\PAGINAS\multisanjuan\backend\node_modules\passport\lib\middleware\authenticate.js:379:7)
    at N:\PAGINAS\multisanjuan\backend\node_modules\@nestjs\passport\dist\auth.guard.js:88:3
    at new Promise (<anonymous>)
    at N:\PAGINAS\multisanjuan\backend\node_modules\@nestjs\passport\dist\auth.guard.js:80:83
    at JwtAuthGuard.canActivate (N:\PAGINAS\multisanjuan\backend\node_modules\@nestjs\passport\dist\auth.guard.js:44:32)
